  pch.cpp
  h264_Decoder.cpp
  modulemediator.cpp
  Parser.cpp
  Queue.cpp
C:\dev\C_Sharp\Mavic2Pro_GC\DJIVideoParser\Parser.h(25,8): warning C4453: 'Windows::UI::Xaml::Controls::SwapChainPanel': A '[WebHostHidden]' type should not be used on the published surface of a public type that is not '[WebHostHidden]' (compiling source file Parser.cpp)
  OpenGLES.cpp
  CalibrationDataSource.cpp
C:\dev\C_Sharp\Mavic2Pro_GC\DJIVideoParser\RenderSurface\Renderer\CalibrationVideoFeedRenderer\CalibrationDataSource.cpp(165,19): warning C4018: '<': signed/unsigned mismatch
C:\dev\C_Sharp\Mavic2Pro_GC\DJIVideoParser\RenderSurface\Renderer\CalibrationVideoFeedRenderer\CalibrationDataSource.cpp(177,16): warning C4244: 'initializing': conversion from 'double' to 'float', possible loss of data
C:\dev\C_Sharp\Mavic2Pro_GC\DJIVideoParser\RenderSurface\Renderer\CalibrationVideoFeedRenderer\CalibrationDataSource.cpp(178,16): warning C4244: 'initializing': conversion from 'double' to 'float', possible loss of data
C:\dev\C_Sharp\Mavic2Pro_GC\DJIVideoParser\RenderSurface\Renderer\CalibrationVideoFeedRenderer\CalibrationDataSource.cpp(201,35): warning C4267: 'initializing': conversion from 'size_t' to 'int', possible loss of data
C:\dev\C_Sharp\Mavic2Pro_GC\DJIVideoParser\RenderSurface\Renderer\CalibrationVideoFeedRenderer\CalibrationDataSource.cpp(216,66): warning C4244: '=': conversion from 'double' to 'float', possible loss of data
C:\dev\C_Sharp\Mavic2Pro_GC\DJIVideoParser\RenderSurface\Renderer\CalibrationVideoFeedRenderer\CalibrationDataSource.cpp(217,66): warning C4244: '=': conversion from 'double' to 'float', possible loss of data
C:\dev\C_Sharp\Mavic2Pro_GC\DJIVideoParser\RenderSurface\Renderer\CalibrationVideoFeedRenderer\CalibrationDataSource.cpp(244,18): warning C4018: '<=': signed/unsigned mismatch
C:\dev\C_Sharp\Mavic2Pro_GC\DJIVideoParser\RenderSurface\Renderer\CalibrationVideoFeedRenderer\CalibrationDataSource.cpp(267,20): warning C4018: '>=': signed/unsigned mismatch
  CalibrationVideoFeedRenderer.cpp
C:\dev\C_Sharp\Mavic2Pro_GC\DJIVideoParser\h264_Decoder.cpp(190,46): warning C4267: 'initializing': conversion from 'size_t' to 'int', possible loss of data
C:\dev\C_Sharp\Mavic2Pro_GC\DJIVideoParser\RenderSurface\Renderer\CalibrationVideoFeedRenderer\CalibrationVideoFeedRenderer.cpp(140,17): warning C4312: 'type cast': conversion from 'int' to 'void *' of greater size
C:\dev\C_Sharp\Mavic2Pro_GC\DJIVideoParser\RenderSurface\Renderer\CalibrationVideoFeedRenderer\CalibrationVideoFeedRenderer.cpp(147,17): warning C4312: 'type cast': conversion from 'int' to 'void *' of greater size
C:\dev\C_Sharp\Mavic2Pro_GC\DJIVideoParser\RenderSurface\Renderer\CalibrationVideoFeedRenderer\CalibrationVideoFeedRenderer.cpp(196,64): warning C4267: 'initializing': conversion from 'size_t' to 'int', possible loss of data
C:\dev\C_Sharp\Mavic2Pro_GC\DJIVideoParser\RenderSurface\Renderer\CalibrationVideoFeedRenderer\CalibrationVideoFeedRenderer.cpp(219,66): warning C4267: 'initializing': conversion from 'size_t' to 'int', possible loss of data
  VideoFeedRenderer.cpp
C:\dev\C_Sharp\Mavic2Pro_GC\DJIVideoParser\RenderSurface\Renderer\VideoFeedRenderer.cpp(196,99): warning C4244: 'argument': conversion from 'float' to 'GLsizei', possible loss of data
C:\dev\C_Sharp\Mavic2Pro_GC\DJIVideoParser\RenderSurface\Renderer\VideoFeedRenderer.cpp(196,85): warning C4244: 'argument': conversion from 'float' to 'GLsizei', possible loss of data
C:\dev\C_Sharp\Mavic2Pro_GC\DJIVideoParser\RenderSurface\Renderer\VideoFeedRenderer.cpp(196,79): warning C4244: 'argument': conversion from 'double' to 'GLint', possible loss of data
C:\dev\C_Sharp\Mavic2Pro_GC\DJIVideoParser\RenderSurface\Renderer\VideoFeedRenderer.cpp(196,42): warning C4244: 'argument': conversion from 'double' to 'GLint', possible loss of data
  RenderSurface.cpp
C:\dev\C_Sharp\Mavic2Pro_GC\DJIVideoParser\Parser.cpp(82,30): warning C4453: 'Windows::UI::Xaml::Controls::SwapChainPanel': A '[WebHostHidden]' type should not be used on the published surface of a public type that is not '[WebHostHidden]'
  Utils.cpp
C:\dev\C_Sharp\Mavic2Pro_GC\DJIVideoParser\Utils.cpp(201,13): warning C4244: 'initializing': conversion from 'double' to 'int', possible loss of data
C:\dev\C_Sharp\Mavic2Pro_GC\DJIVideoParser\Utils.cpp(272,27): warning C4244: 'return': conversion from 'time_t' to 'int32_t', possible loss of data
C:\dev\C_Sharp\Mavic2Pro_GC\DJIVideoParser\Utils.cpp(278,30): warning C4244: 'return': conversion from 'time_t' to 'long', possible loss of data
C:\dev\C_Sharp\Mavic2Pro_GC\DJIVideoParser\Utils.cpp(638,21): warning C4244: '=': conversion from 'float' to 'int', possible loss of data
  videoparser.cpp
  videoparsermgr.cpp
  VideoWrapper.cpp
     Creating library C:\dev\C_Sharp\Mavic2Pro_GC\x64\Debug\DJIVideoParser\DJIVideoParser.lib and object C:\dev\C_Sharp\Mavic2Pro_GC\x64\Debug\DJIVideoParser\DJIVideoParser.exp
  DJIVideoParser.vcxproj -> C:\dev\C_Sharp\Mavic2Pro_GC\x64\Debug\DJIVideoParser\DJIVideoParser.dll
C:\Program Files\Microsoft Visual Studio\2022\Community\MSBuild\Microsoft\VisualStudio\v17.0\AppxPackage\Microsoft.AppXPackage.Targets(1270,5): warning APPX1503: The project contains 1 item(s) that represent the app manifest: ..\djiuwpsample\package.appxmanifest. App manifests that are not used to produce an app package will be ignored.
